{"sessionId":"d5c09f","hypothesisId":"H_sample","location":"PlayerMoveRB.AgentLogMoveSample","message":"periodic","data":{"vxz":6,"vinSqrt":0.9999999,"overlapNear":2,"phase":"DayZero"},"timestamp":1775326281167}
{"sessionId":"d5c09f","hypothesisId":"H_sample","location":"PlayerMoveRB.AgentLogMoveSample","message":"periodic","data":{"vxz":6,"vinSqrt":1,"overlapNear":1,"phase":"DayZero"},"timestamp":1775326282065}
{"sessionId":"d5c09f","hypothesisId":"H_sample","location":"PlayerMoveRB.AgentLogMoveSample","message":"periodic","data":{"vxz":6,"vinSqrt":1,"overlapNear":1,"phase":"DayZero"},"timestamp":1775326282966}
{"sessionId":"d5c09f","hypothesisId":"H_lock","location":"PlayerMoveRB.FixedUpdate","message":"horizontal_lock_changed","data":{"locked":true,"phase":"DayZero"},"timestamp":1775326283335}
{"sessionId":"d5c09f","hypothesisId":"H_lock","location":"PlayerMoveRB.FixedUpdate","message":"horizontal_lock_changed","data":{"locked":false,"phase":"DayZero"},"timestamp":1775326288109}
{"sessionId":"d5c09f","hypothesisId":"H_sample","location":"PlayerMoveRB.AgentLogMoveSample","message":"periodic","data":{"vxz":6,"vinSqrt":1,"overlapNear":2,"phase":"Prep"},"timestamp":1775326293769}
{"sessionId":"d5c09f","hypothesisId":"H_sample","location":"PlayerMoveRB.AgentLogMoveSample","message":"periodic","data":{"vxz":6,"vinSqrt":1,"overlapNear":2,"phase":"Prep"},"timestamp":1775326294666}
{"sessionId":"d5c09f","hypothesisId":"H_sample","location":"PlayerMoveRB.AgentLogMoveSample","message":"periodic","data":{"vxz":6,"vinSqrt":0.9999999,"overlapNear":2,"phase":"Prep"},"timestamp":1775326295568}
{"sessionId":"d5c09f","hypothesisId":"H_sample","location":"PlayerMoveRB.AgentLogMoveSample","message":"periodic","data":{"vxz":5.681564,"vinSqrt":0.9999999,"overlapNear":2,"phase":"Prep"},"timestamp":1775326296469}
{"sessionId":"d5c09f","hypothesisId":"H_sample","location":"PlayerMoveRB.AgentLogMoveSample","message":"periodic","data":{"vxz":4.737184,"vinSqrt":0.9999999,"overlapNear":2,"phase":"Prep"},"timestamp":1775326297370}
{"sessionId":"d5c09f","hypothesisId":"H_sample","location":"PlayerMoveRB.AgentLogMoveSample","message":"periodic","data":{"vxz":4.257309,"vinSqrt":0.9999999,"overlapNear":2,"phase":"Prep"},"timestamp":1775326298268}
{"sessionId":"d5c09f","hypothesisId":"H_sample","location":"PlayerMoveRB.AgentLogMoveSample","message":"periodic","data":{"vxz":6,"vinSqrt":1,"overlapNear":2,"phase":"Prep"},"timestamp":1775326299167}
{"sessionId":"d5c09f","hypothesisId":"H_sample","location":"PlayerMoveRB.AgentLogMoveSample","message":"periodic","data":{"vxz":3.153157,"vinSqrt":1,"overlapNear":2,"phase":"Prep"},"timestamp":1775326300069}
{"sessionId":"d5c09f","hypothesisId":"H_sample","location":"PlayerMoveRB.AgentLogMoveSample","message":"periodic","data":{"vxz":6,"vinSqrt":1,"overlapNear":2,"phase":"Prep"},"timestamp":1775326300967}
{"sessionId":"d5c09f","hypothesisId":"H_sample","location":"PlayerMoveRB.AgentLogMoveSample","message":"periodic","data":{"vxz":6,"vinSqrt":1,"overlapNear":2,"phase":"Prep"},"timestamp":1775326301868}
{"sessionId":"d5c09f","hypothesisId":"H_sample","location":"PlayerMoveRB.AgentLogMoveSample","message":"periodic","data":{"vxz":6,"vinSqrt":1,"overlapNear":2,"phase":"Prep"},"timestamp":1775326302772}
{"sessionId":"d5c09f","hypothesisId":"H_sample","location":"PlayerMoveRB.AgentLogMoveSample","message":"periodic","data":{"vxz":6,"vinSqrt":1,"overlapNear":2,"phase":"Prep"},"timestamp":1775326303668}
{"sessionId":"d5c09f","hypothesisId":"H_sample","location":"PlayerMoveRB.AgentLogMoveSample","message":"periodic","data":{"vxz":6,"vinSqrt":1,"overlapNear":2,"phase":"Business"},"timestamp":1775326304570}
{"sessionId":"d5c09f","hypothesisId":"H_sample","location":"PlayerMoveRB.AgentLogMoveSample","message":"periodic","data":{"vxz":6,"vinSqrt":1,"overlapNear":2,"phase":"Business"},"timestamp":1775326305468}
{"sessionId":"d5c09f","hypothesisId":"H_sample","location":"PlayerMoveRB.AgentLogMoveSample","message":"periodic","data":{"vxz":6,"vinSqrt":1,"overlapNear":2,"phase":"Business"},"timestamp":1775326306365}
{"sessionId":"d5c09f","hypothesisId":"H_sample","location":"PlayerMoveRB.AgentLogMoveSample","message":"periodic","data":{"vxz":6,"vinSqrt":1,"overlapNear":2,"phase":"Business"},"timestamp":1775326307270}
{"sessionId":"d5c09f","hypothesisId":"H_sample","location":"PlayerMoveRB.AgentLogMoveSample","message":"periodic","data":{"vxz":6,"vinSqrt":1,"overlapNear":2,"phase":"Business"},"timestamp":1775326308170}
{"sessionId":"d5c09f","hypothesisId":"H_sample","location":"PlayerMoveRB.AgentLogMoveSample","message":"periodic","data":{"vxz":6,"vinSqrt":1,"overlapNear":2,"phase":"Business"},"timestamp":1775326309066}
{"sessionId":"d5c09f","hypothesisId":"H_sample","location":"PlayerMoveRB.AgentLogMoveSample","message":"periodic","data":{"vxz":6,"vinSqrt":1,"overlapNear":2,"phase":"Business"},"timestamp":1775326309970}
{"sessionId":"d5c09f","hypothesisId":"H_sample","location":"PlayerMoveRB.AgentLogMoveSample","message":"periodic","data":{"vxz":6,"vinSqrt":1,"overlapNear":2,"phase":"Business"},"timestamp":1775326310871}
{"sessionId":"d5c09f","hypothesisId":"H_sample","location":"PlayerMoveRB.AgentLogMoveSample","message":"periodic","data":{"vxz":4.858752,"vinSqrt":1,"overlapNear":2,"phase":"Business"},"timestamp":1775326311768}
{"sessionId":"d5c09f","hypothesisId":"H_sample","location":"PlayerMoveRB.AgentLogMoveSample","message":"periodic","data":{"vxz":5.318274,"vinSqrt":1,"overlapNear":2,"phase":"Business"},"timestamp":1775326316266}
{"sessionId":"d5c09f","hypothesisId":"H_sample","location":"PlayerMoveRB.AgentLogMoveSample","message":"periodic","data":{"vxz":6,"vinSqrt":0.9999999,"overlapNear":2,"phase":"Business"},"timestamp":1775326317164}
{"sessionId":"d5c09f","hypothesisId":"H_sample","location":"PlayerMoveRB.AgentLogMoveSample","message":"periodic","data":{"vxz":6,"vinSqrt":1,"overlapNear":2,"phase":"Business"},"timestamp":1775326318067}
{"sessionId":"d5c09f","hypothesisId":"H_sample","location":"PlayerMoveRB.AgentLogMoveSample","message":"periodic","data":{"vxz":6,"vinSqrt":0.9999999,"overlapNear":2,"phase":"Business"},"timestamp":1775326318972}
{"sessionId":"d5c09f","hypothesisId":"H_sample","location":"PlayerMoveRB.AgentLogMoveSample","message":"periodic","data":{"vxz":6,"vinSqrt":1,"overlapNear":2,"phase":"Business"},"timestamp":1775326319871}
{"sessionId":"d5c09f","hypothesisId":"H_sample","location":"PlayerMoveRB.AgentLogMoveSample","message":"periodic","data":{"vxz":2.846838,"vinSqrt":1,"overlapNear":2,"phase":"Business"},"timestamp":1775326320768}
{"sessionId":"d5c09f","hypothesisId":"H_sample","location":"PlayerMoveRB.AgentLogMoveSample","message":"periodic","data":{"vxz":6,"vinSqrt":1,"overlapNear":2,"phase":"Business"},"timestamp":1775326321669}
{"sessionId":"d5c09f","hypothesisId":"H_sample","location":"PlayerMoveRB.AgentLogMoveSample","message":"periodic","data":{"vxz":6,"vinSqrt":1,"overlapNear":2,"phase":"Business"},"timestamp":1775326322568}
{"sessionId":"d5c09f","hypothesisId":"H_sample","location":"PlayerMoveRB.AgentLogMoveSample","message":"periodic","data":{"vxz":6,"vinSqrt":1,"overlapNear":2,"phase":"Business"},"timestamp":1775326323470}
{"sessionId":"d5c09f","hypothesisId":"H_sample","location":"PlayerMoveRB.AgentLogMoveSample","message":"periodic","data":{"vxz":6,"vinSqrt":1,"overlapNear":2,"phase":"Business"},"timestamp":1775326324369}
{"sessionId":"d5c09f","hypothesisId":"H_sample","location":"PlayerMoveRB.AgentLogMoveSample","message":"periodic","data":{"vxz":0.7999997,"vinSqrt":1,"overlapNear":2,"phase":"Business"},"timestamp":1775326325266}
{"sessionId":"d5c09f","hypothesisId":"H_sample","location":"PlayerMoveRB.AgentLogMoveSample","message":"periodic","data":{"vxz":6,"vinSqrt":1,"overlapNear":2,"phase":"Business"},"timestamp":1775326326168}
{"sessionId":"d5c09f","hypothesisId":"H_sample","location":"PlayerMoveRB.AgentLogMoveSample","message":"periodic","data":{"vxz":6,"vinSqrt":1,"overlapNear":2,"phase":"Business"},"timestamp":1775326327069}
{"sessionId":"d5c09f","hypothesisId":"H_sample","location":"PlayerMoveRB.AgentLogMoveSample","message":"periodic","data":{"vxz":6,"vinSqrt":1,"overlapNear":2,"phase":"Business"},"timestamp":1775326327972}
{"sessionId":"d5c09f","hypothesisId":"H_sample","location":"PlayerMoveRB.AgentLogMoveSample","message":"periodic","data":{"vxz":6,"vinSqrt":1,"overlapNear":2,"phase":"Business"},"timestamp":1775326332469}
